<?xml version="1.0" encoding="UTF-8"?>
<!-- Generated by org.testng.reporters.JUnitXMLReporter -->
<testsuite ignored="0" hostname="Armine-Home" failures="0" tests="4" name="Default test" time="4.263" errors="0" timestamp="2023-11-09T19:06:20 PST">
  <testcase classname="api.test.userTests2" name="testPostUser" time="1.808"/>
  <testcase classname="api.test.userTests2" name="testGetUserByname" time="0.484"/>
  <testcase classname="api.test.userTests2" name="testUpdateUserByname" time="0.917"/>
  <testcase classname="api.test.userTests2" name="testDeleteUserByName" time="0.457"/>
</testsuite> <!-- Default test -->
