<?xml version="1.0" encoding="UTF-8"?>
<testng-results ignored="0" total="4" passed="4" failed="0" skipped="0">
  <reporter-output>
  </reporter-output>
  <suite started-at="2023-11-09T19:06:16 PST" name="Default suite" finished-at="2023-11-09T19:06:20 PST" duration-ms="4263">
    <groups>
    </groups>
    <test started-at="2023-11-09T19:06:16 PST" name="Default test" finished-at="2023-11-09T19:06:20 PST" duration-ms="4263">
      <class name="api.test.userTests2">
        <test-method is-config="true" signature="setup()[pri:0, instance:api.test.userTests2@25641d39]" started-at="2023-11-09T19:06:16 PST" name="setup" finished-at="2023-11-09T19:06:17 PST" duration-ms="564" status="PASS">
          <reporter-output>
          </reporter-output>
        </test-method> <!-- setup -->
        <test-method signature="testPostUser()[pri:1, instance:api.test.userTests2@25641d39]" started-at="2023-11-09T19:06:17 PST" name="testPostUser" finished-at="2023-11-09T19:06:18 PST" duration-ms="1808" status="PASS">
          <reporter-output>
          </reporter-output>
        </test-method> <!-- testPostUser -->
        <test-method signature="testGetUserByname()[pri:2, instance:api.test.userTests2@25641d39]" started-at="2023-11-09T19:06:18 PST" name="testGetUserByname" finished-at="2023-11-09T19:06:19 PST" duration-ms="484" status="PASS">
          <reporter-output>
          </reporter-output>
        </test-method> <!-- testGetUserByname -->
        <test-method signature="testUpdateUserByname()[pri:3, instance:api.test.userTests2@25641d39]" started-at="2023-11-09T19:06:19 PST" name="testUpdateUserByname" finished-at="2023-11-09T19:06:20 PST" duration-ms="917" status="PASS">
          <reporter-output>
          </reporter-output>
        </test-method> <!-- testUpdateUserByname -->
        <test-method signature="testDeleteUserByName()[pri:4, instance:api.test.userTests2@25641d39]" started-at="2023-11-09T19:06:20 PST" name="testDeleteUserByName" finished-at="2023-11-09T19:06:20 PST" duration-ms="457" status="PASS">
          <reporter-output>
          </reporter-output>
        </test-method> <!-- testDeleteUserByName -->
      </class> <!-- api.test.userTests2 -->
    </test> <!-- Default test -->
  </suite> <!-- Default suite -->
</testng-results>
