<?xml version="1.0" encoding="UTF-8"?>
<!-- Generated by org.testng.reporters.JUnitXMLReporter -->
<testsuite ignored="0" hostname="Armine-Home" failures="0" tests="6" name="PetTest" time="5.596" errors="0" timestamp="2023-11-09T19:38:29 PST">
  <testcase classname="api.test.DDTests" name="testPostUser" time="1.815"/>
  <testcase classname="api.test.DDTests" name="testPostUser" time="0.493"/>
  <testcase classname="api.test.DDTests" name="testPostUser" time="0.46"/>
  <testcase classname="api.test.DDTests" name="testDeleteUser" time="0.482"/>
  <testcase classname="api.test.DDTests" name="testDeleteUser" time="0.45"/>
  <testcase classname="api.test.DDTests" name="testDeleteUser" time="0.452"/>
</testsuite> <!-- PetTest -->
