<?xml version="1.0" encoding="UTF-8"?>
<!-- Generated by org.testng.reporters.JUnitXMLReporter -->
<testsuite ignored="0" hostname="Armine-Home" failures="0" tests="6" name="PetTest" time="5.353" errors="0" timestamp="2023-11-09T18:43:21 PST">
  <testcase classname="api.test.DDTests" name="testPostUser" time="1.613"/>
  <testcase classname="api.test.DDTests" name="testPostUser" time="0.455"/>
  <testcase classname="api.test.DDTests" name="testPostUser" time="0.445"/>
  <testcase classname="api.test.DDTests" name="testDeleteUser" time="0.495"/>
  <testcase classname="api.test.DDTests" name="testDeleteUser" time="0.438"/>
  <testcase classname="api.test.DDTests" name="testDeleteUser" time="0.464"/>
</testsuite> <!-- PetTest -->
